Start time for creating event-dispatcher-router-mashling :2017-11-15 14:26:33
End time for creating event-dispatcher-router-mashling :2017-11-15 14:27:21
Start time for packing to zip event-dispatcher-router-mashling :2017-11-15 14:27:21
End time for packing event-dispatcher-router-mashling :2017-11-15 14:27:22
Start time for creating rest-conditional-gateway :2017-11-15 14:27:22
End time for creating rest-conditional-gateway :2017-11-15 14:29:19
Start time for packing to zip rest-conditional-gateway :2017-11-15 14:29:19
End time for packing rest-conditional-gateway :2017-11-15 14:29:20
Start time for creating rest-gateway-with-tracing :2017-11-15 14:29:20
End time for creating rest-gateway-with-tracing :2017-11-15 14:31:41
Start time for packing to zip rest-gateway-with-tracing :2017-11-15 14:31:41
End time for packing rest-gateway-with-tracing :2017-11-15 14:31:42
Start time for creating mqtt-lambda-tci :2017-11-15 14:31:42
End time for creating mqtt-lambda-tci :2017-11-15 14:34:34
Start time for packing to zip mqtt-lambda-tci :2017-11-15 14:34:34
End time for packing mqtt-lambda-tci :2017-11-15 14:34:35
Start time for creating secure-rest-gateway :2017-11-15 14:34:35
End time for creating secure-rest-gateway :2017-11-15 14:36:23
Start time for packing to zip secure-rest-gateway :2017-11-15 14:36:23
End time for packing secure-rest-gateway :2017-11-15 14:36:24
Start time for creating mqtt-gateway :2017-11-15 14:36:24
End time for creating mqtt-gateway :2017-11-15 14:38:25
Start time for packing to zip mqtt-gateway :2017-11-15 14:38:25
End time for packing mqtt-gateway :2017-11-15 14:38:26
Start time for creating RestTrigger-To-KafkaPublisher :2017-11-15 14:38:26
End time for creating RestTrigger-To-KafkaPublisher :2017-11-15 14:38:58
Start time for packing to zip RestTrigger-To-KafkaPublisher :2017-11-15 14:38:58
End time for packing RestTrigger-To-KafkaPublisher :2017-11-15 14:38:58
Start time for creating event-dispatcher-router-mashling :2017-11-15 14:38:59
End time for creating event-dispatcher-router-mashling :2017-11-15 14:39:53
Start time for packing to zip event-dispatcher-router-mashling :2017-11-15 14:39:53
End time for packing event-dispatcher-router-mashling :2017-11-15 14:39:54
Start time for creating rest-conditional-gateway :2017-11-15 14:39:54
End time for creating rest-conditional-gateway :2017-11-15 14:42:07
Start time for packing to zip rest-conditional-gateway :2017-11-15 14:42:07
End time for packing rest-conditional-gateway :2017-11-15 14:42:08
Start time for creating rest-gateway-with-tracing :2017-11-15 14:42:08
End time for creating rest-gateway-with-tracing :2017-11-15 14:44:10
Start time for packing to zip rest-gateway-with-tracing :2017-11-15 14:44:10
End time for packing rest-gateway-with-tracing :2017-11-15 14:44:11
Start time for creating mqtt-lambda-tci :2017-11-15 14:44:11
End time for creating mqtt-lambda-tci :2017-11-15 14:47:02
Start time for packing to zip mqtt-lambda-tci :2017-11-15 14:47:02
End time for packing mqtt-lambda-tci :2017-11-15 14:47:04
Start time for creating secure-rest-gateway :2017-11-15 14:47:04
End time for creating secure-rest-gateway :2017-11-15 14:49:02
Start time for packing to zip secure-rest-gateway :2017-11-15 14:49:02
End time for packing secure-rest-gateway :2017-11-15 14:49:03
Start time for creating mqtt-gateway :2017-11-15 14:49:03
End time for creating mqtt-gateway :2017-11-15 14:51:20
Start time for packing to zip mqtt-gateway :2017-11-15 14:51:20
End time for packing mqtt-gateway :2017-11-15 14:51:21
Start time for creating RestTrigger-To-KafkaPublisher :2017-11-15 14:51:21
End time for creating RestTrigger-To-KafkaPublisher :2017-11-15 14:52:02
Start time for packing to zip RestTrigger-To-KafkaPublisher :2017-11-15 14:52:02
End time for packing RestTrigger-To-KafkaPublisher :2017-11-15 14:52:02
Start time for creating event-dispatcher-router-mashling :2017-11-15 14:52:03
End time for creating event-dispatcher-router-mashling :2017-11-15 14:52:57
Start time for creating rest-conditional-gateway :2017-11-15 14:52:57
End time for creating rest-conditional-gateway :2017-11-15 14:55:03
Start time for creating rest-gateway-with-tracing :2017-11-15 14:55:04
End time for creating rest-gateway-with-tracing :2017-11-15 14:57:06
Start time for creating mqtt-lambda-tci :2017-11-15 14:57:07
End time for creating mqtt-lambda-tci :2017-11-15 14:59:56
Start time for creating secure-rest-gateway :2017-11-15 14:59:57
End time for creating secure-rest-gateway :2017-11-15 15:02:04
Start time for creating mqtt-gateway :2017-11-15 15:02:05
End time for creating mqtt-gateway :2017-11-15 15:04:27
Start time for creating RestTrigger-To-KafkaPublisher :2017-11-15 15:04:28
End time for creating RestTrigger-To-KafkaPublisher :2017-11-15 15:05:08
Start time for creating recipeinfo.json file :2017-11-15 15:05:08
End time for creating recipeinfo.json file :2017-11-15 15:05:08
