End time for creating event-dispatcher-router-mashling :2017-11-15 10:49:14
End time for creating rest-conditional-gateway :2017-11-15 10:51:19
End time for creating rest-gateway-with-tracing :2017-11-15 10:53:08
End time for creating mqtt-lambda-tci :2017-11-15 10:55:53
End time for creating secure-rest-gateway :2017-11-15 10:57:46
End time for creating mqtt-gateway :2017-11-15 10:59:45
End time for creating RestTrigger-To-KafkaPublisher :2017-11-15 11:00:23
End time for creating event-dispatcher-router-mashling :2017-11-15 11:01:16
End time for creating rest-conditional-gateway :2017-11-15 11:03:22
End time for creating rest-gateway-with-tracing :2017-11-15 11:05:25
End time for creating mqtt-lambda-tci :2017-11-15 11:08:18
End time for creating secure-rest-gateway :2017-11-15 11:10:28
End time for creating mqtt-gateway :2017-11-15 11:12:55
End time for creating RestTrigger-To-KafkaPublisher :2017-11-15 11:13:40
End time for creating event-dispatcher-router-mashling :2017-11-15 11:14:38
End time for creating rest-conditional-gateway :2017-11-15 11:17:05
End time for creating rest-gateway-with-tracing :2017-11-15 11:19:09
End time for creating mqtt-lambda-tci :2017-11-15 11:22:16
End time for creating secure-rest-gateway :2017-11-15 11:24:21
End time for creating mqtt-gateway :2017-11-15 11:26:40
End time for creating RestTrigger-To-KafkaPublisher :2017-11-15 11:27:25
