Start time for creating event-dispatcher-router-mashling :2017-11-15 09:16:23
End time for creating event-dispatcher-router-mashling :2017-11-15 09:17:05
Start time for packing to zip event-dispatcher-router-mashling :2017-11-15 09:17:05
End time for creating event-dispatcher-router-mashling :2017-11-15 09:17:06
Start time for creating rest-conditional-gateway :2017-11-15 09:17:06
End time for creating rest-conditional-gateway :2017-11-15 09:18:55
Start time for packing to zip rest-conditional-gateway :2017-11-15 09:18:55
End time for creating rest-conditional-gateway :2017-11-15 09:18:56
Start time for creating rest-gateway-with-tracing :2017-11-15 09:18:56
End time for creating rest-gateway-with-tracing :2017-11-15 09:20:41
Start time for packing to zip rest-gateway-with-tracing :2017-11-15 09:20:41
End time for creating rest-gateway-with-tracing :2017-11-15 09:20:42
Start time for creating mqtt-lambda-tci :2017-11-15 09:20:42
End time for creating mqtt-lambda-tci :2017-11-15 09:23:15
Start time for packing to zip mqtt-lambda-tci :2017-11-15 09:23:15
End time for creating mqtt-lambda-tci :2017-11-15 09:23:16
Start time for creating secure-rest-gateway :2017-11-15 09:23:16
End time for creating secure-rest-gateway :2017-11-15 09:24:56
Start time for packing to zip secure-rest-gateway :2017-11-15 09:24:56
End time for creating secure-rest-gateway :2017-11-15 09:24:57
Start time for creating mqtt-gateway :2017-11-15 09:24:57
End time for creating mqtt-gateway :2017-11-15 09:26:52
Start time for packing to zip mqtt-gateway :2017-11-15 09:26:52
End time for creating mqtt-gateway :2017-11-15 09:26:53
Start time for creating RestTrigger-To-KafkaPublisher :2017-11-15 09:26:53
End time for creating RestTrigger-To-KafkaPublisher :2017-11-15 09:27:24
Start time for packing to zip RestTrigger-To-KafkaPublisher :2017-11-15 09:27:24
End time for creating RestTrigger-To-KafkaPublisher :2017-11-15 09:27:24
Start time for creating event-dispatcher-router-mashling :2017-11-15 09:27:24
End time for creating event-dispatcher-router-mashling :2017-11-15 09:28:15
Start time for packing to zip event-dispatcher-router-mashling :2017-11-15 09:28:15
End time for creating event-dispatcher-router-mashling :2017-11-15 09:28:16
Start time for creating rest-conditional-gateway :2017-11-15 09:28:16
End time for creating rest-conditional-gateway :2017-11-15 09:30:14
Start time for packing to zip rest-conditional-gateway :2017-11-15 09:30:14
End time for creating rest-conditional-gateway :2017-11-15 09:30:15
Start time for creating rest-gateway-with-tracing :2017-11-15 09:30:15
End time for creating rest-gateway-with-tracing :2017-11-15 09:32:09
Start time for packing to zip rest-gateway-with-tracing :2017-11-15 09:32:09
End time for creating rest-gateway-with-tracing :2017-11-15 09:32:10
Start time for creating mqtt-lambda-tci :2017-11-15 09:32:10
End time for creating mqtt-lambda-tci :2017-11-15 09:34:52
Start time for packing to zip mqtt-lambda-tci :2017-11-15 09:34:52
End time for creating mqtt-lambda-tci :2017-11-15 09:34:54
Start time for creating secure-rest-gateway :2017-11-15 09:34:54
End time for creating secure-rest-gateway :2017-11-15 09:36:47
Start time for packing to zip secure-rest-gateway :2017-11-15 09:36:47
End time for creating secure-rest-gateway :2017-11-15 09:36:48
Start time for creating mqtt-gateway :2017-11-15 09:36:48
End time for creating mqtt-gateway :2017-11-15 09:38:54
Start time for packing to zip mqtt-gateway :2017-11-15 09:38:54
End time for creating mqtt-gateway :2017-11-15 09:38:55
Start time for creating RestTrigger-To-KafkaPublisher :2017-11-15 09:38:55
End time for creating RestTrigger-To-KafkaPublisher :2017-11-15 09:39:34
Start time for packing to zip RestTrigger-To-KafkaPublisher :2017-11-15 09:39:34
End time for creating RestTrigger-To-KafkaPublisher :2017-11-15 09:39:34
Start time for creating event-dispatcher-router-mashling :2017-11-15 09:39:34
End time for creating event-dispatcher-router-mashling :2017-11-15 09:40:28
Start time for creating rest-conditional-gateway :2017-11-15 09:40:29
End time for creating rest-conditional-gateway :2017-11-15 09:42:39
Start time for creating rest-gateway-with-tracing :2017-11-15 09:42:40
End time for creating rest-gateway-with-tracing :2017-11-15 09:44:36
Start time for creating mqtt-lambda-tci :2017-11-15 09:44:37
End time for creating mqtt-lambda-tci :2017-11-15 09:47:22
Start time for creating secure-rest-gateway :2017-11-15 09:47:24
End time for creating secure-rest-gateway :2017-11-15 09:49:18
Start time for creating mqtt-gateway :2017-11-15 09:49:19
End time for creating mqtt-gateway :2017-11-15 09:51:26
Start time for creating RestTrigger-To-KafkaPublisher :2017-11-15 09:51:27
End time for creating RestTrigger-To-KafkaPublisher :2017-11-15 09:52:04
Start time for creating recipeinfo.json file :2017-11-15 09:52:05
End time for creating recipeinfo.json file :2017-11-15 09:52:05
