End time for creating event-dispatcher-router-mashling :2017-11-15 12:05:47
End time for creating rest-conditional-gateway :2017-11-15 12:07:40
End time for creating rest-gateway-with-tracing :2017-11-15 12:09:24
End time for creating mqtt-lambda-tci :2017-11-15 12:11:59
End time for creating secure-rest-gateway :2017-11-15 12:13:41
End time for creating mqtt-gateway :2017-11-15 12:15:41
End time for creating RestTrigger-To-KafkaPublisher :2017-11-15 12:16:14
End time for creating event-dispatcher-router-mashling :2017-11-15 12:17:05
End time for creating rest-conditional-gateway :2017-11-15 12:19:02
End time for creating rest-gateway-with-tracing :2017-11-15 12:20:59
End time for creating mqtt-lambda-tci :2017-11-15 12:23:41
End time for creating secure-rest-gateway :2017-11-15 12:25:36
End time for creating mqtt-gateway :2017-11-15 12:27:43
End time for creating RestTrigger-To-KafkaPublisher :2017-11-15 12:28:24
End time for creating event-dispatcher-router-mashling :2017-11-15 12:29:14
End time for creating rest-conditional-gateway :2017-11-15 12:31:15
End time for creating rest-gateway-with-tracing :2017-11-15 12:33:09
End time for creating mqtt-lambda-tci :2017-11-15 12:35:50
End time for creating secure-rest-gateway :2017-11-15 12:37:42
End time for creating mqtt-gateway :2017-11-15 12:39:48
End time for creating RestTrigger-To-KafkaPublisher :2017-11-15 12:40:32
